# JRE version: OpenJDK Runtime Environment (21.0.7) (build 21.0.7+-13880790-b1038.58)
# Java VM: OpenJDK 64-Bit Server VM (21.0.7+-13880790-b1038.58, mixed mode, tiered, compressed oops, compressed class ptrs, g1 gc, windows-amd64)
GC Precious Log:
 CardTable entry size: 512
 Card Set container configuration: InlinePtr #cards 5 size 8 Array Of Cards #cards 12 size 40 Howl #buckets 4 coarsen threshold 1843 Howl Bitmap #cards 512 size 80 coarsen threshold 460 Card regions per heap region 1 cards per card region 2048
 CPUs: 8 total, 8 available
 Memory: 5877M
 Large Page Support: Disabled
 NUMA Support: Disabled
 Compressed Oops: Enabled (32-bit)
 Heap Region Size: 1M
 Heap Min Capacity: 8M
 Heap Initial Capacity: 92M
 Heap Max Capacity: 1470M
 Pre-touch: Disabled
 Parallel Workers: 8
 Concurrent Workers: 2
 Concurrent Refinement Workers: 8
 Periodic GC: Disabled
Heap:
 garbage-first heap   total 76800K, used 33041K [0x00000000a4200000, 0x0000000100000000)
  region size 1024K, 1 young (1024K), 1 survivors (1024K)
 Metaspace       used 49246K, committed 49920K, reserved 1114112K
  class space    used 5957K, committed 6272K, reserved 1048576K
GC Heap History (20 events):
Event: 5.334 GC heap after
{Heap after GC invocations=11 (full 0):
 garbage-first heap   total 43008K, used 20842K [0x00000000a4200000, 0x0000000100000000)
  region size 1024K, 2 young (2048K), 2 survivors (2048K)
 Metaspace       used 41655K, committed 42368K, reserved 1114112K
  class space    used 5092K, committed 5440K, reserved 1048576K
}
Event: 5.598 GC heap before
{Heap before GC invocations=11 (full 0):
 garbage-first heap   total 43008K, used 25962K [0x00000000a4200000, 0x0000000100000000)
  region size 1024K, 8 young (8192K), 2 survivors (2048K)
 Metaspace       used 42806K, committed 43456K, reserved 1114112K
  class space    used 5238K, committed 5568K, reserved 1048576K
}
Event: 5.603 GC heap after
{Heap after GC invocations=12 (full 0):
 garbage-first heap   total 43008K, used 21723K [0x00000000a4200000, 0x0000000100000000)
  region size 1024K, 3 young (3072K), 3 survivors (3072K)
 Metaspace       used 42806K, committed 43456K, reserved 1114112K
  class space    used 5238K, committed 5568K, reserved 1048576K
}
Event: 6.192 GC heap before
{Heap before GC invocations=13 (full 0):
 garbage-first heap   total 43008K, used 37083K [0x00000000a4200000, 0x0000000100000000)
  region size 1024K, 16 young (16384K), 3 survivors (3072K)
 Metaspace       used 45524K, committed 46208K, reserved 1114112K
  class space    used 5566K, committed 5888K, reserved 1048576K
}
Event: 6.200 GC heap after
{Heap after GC invocations=14 (full 0):
 garbage-first heap   total 43008K, used 25479K [0x00000000a4200000, 0x0000000100000000)
  region size 1024K, 2 young (2048K), 2 survivors (2048K)
 Metaspace       used 45524K, committed 46208K, reserved 1114112K
  class space    used 5566K, committed 5888K, reserved 1048576K
}
Event: 7.717 GC heap before
{Heap before GC invocations=14 (full 0):
 garbage-first heap   total 43008K, used 36743K [0x00000000a4200000, 0x0000000100000000)
  region size 1024K, 13 young (13312K), 2 survivors (2048K)
 Metaspace       used 47253K, committed 47936K, reserved 1114112K
  class space    used 5740K, committed 6080K, reserved 1048576K
}
Event: 7.727 GC heap after
{Heap after GC invocations=15 (full 0):
 garbage-first heap   total 43008K, used 28114K [0x00000000a4200000, 0x0000000100000000)
  region size 1024K, 2 young (2048K), 2 survivors (2048K)
 Metaspace       used 47253K, committed 47936K, reserved 1114112K
  class space    used 5740K, committed 6080K, reserved 1048576K
}
Event: 9.176 GC heap before
{Heap before GC invocations=15 (full 0):
 garbage-first heap   total 43008K, used 36306K [0x00000000a4200000, 0x0000000100000000)
  region size 1024K, 10 young (10240K), 2 survivors (2048K)
 Metaspace       used 47891K, committed 48576K, reserved 1114112K
  class space    used 5799K, committed 6144K, reserved 1048576K
}
Event: 9.183 GC heap after
{Heap after GC invocations=16 (full 0):
 garbage-first heap   total 43008K, used 30034K [0x00000000a4200000, 0x0000000100000000)
  region size 1024K, 2 young (2048K), 2 survivors (2048K)
 Metaspace       used 47891K, committed 48576K, reserved 1114112K
  class space    used 5799K, committed 6144K, reserved 1048576K
}
Event: 13.827 GC heap before
{Heap before GC invocations=17 (full 0):
 garbage-first heap   total 51200K, used 36178K [0x00000000a4200000, 0x0000000100000000)
  region size 1024K, 9 young (9216K), 2 survivors (2048K)
 Metaspace       used 49059K, committed 49728K, reserved 1114112K
  class space    used 5948K, committed 6272K, reserved 1048576K
}
Event: 14.840 GC heap after
{Heap after GC invocations=18 (full 0):
 garbage-first heap   total 61440K, used 31373K [0x00000000a4200000, 0x0000000100000000)
  region size 1024K, 2 young (2048K), 2 survivors (2048K)
 Metaspace       used 49059K, committed 49728K, reserved 1114112K
  class space    used 5948K, committed 6272K, reserved 1048576K
}
Event: 14.879 GC heap before
{Heap before GC invocations=18 (full 0):
 garbage-first heap   total 61440K, used 32397K [0x00000000a4200000, 0x0000000100000000)
  region size 1024K, 3 young (3072K), 2 survivors (2048K)
 Metaspace       used 49104K, committed 49792K, reserved 1114112K
  class space    used 5952K, committed 6272K, reserved 1048576K
}
Event: 14.884 GC heap after
{Heap after GC invocations=19 (full 0):
 garbage-first heap   total 61440K, used 31365K [0x00000000a4200000, 0x0000000100000000)
  region size 1024K, 1 young (1024K), 1 survivors (1024K)
 Metaspace       used 49104K, committed 49792K, reserved 1114112K
  class space    used 5952K, committed 6272K, reserved 1048576K
}
Event: 14.939 GC heap before
{Heap before GC invocations=19 (full 0):
 garbage-first heap   total 61440K, used 33413K [0x00000000a4200000, 0x0000000100000000)
  region size 1024K, 3 young (3072K), 1 survivors (1024K)
 Metaspace       used 49208K, committed 49856K, reserved 1114112K
  class space    used 5957K, committed 6272K, reserved 1048576K
}
Event: 14.942 GC heap after
{Heap after GC invocations=20 (full 0):
 garbage-first heap   total 61440K, used 31771K [0x00000000a4200000, 0x0000000100000000)
  region size 1024K, 1 young (1024K), 1 survivors (1024K)
 Metaspace       used 49208K, committed 49856K, reserved 1114112K
  class space    used 5957K, committed 6272K, reserved 1048576K
}
Event: 14.982 GC heap before
{Heap before GC invocations=21 (full 0):
 garbage-first heap   total 61440K, used 34843K [0x00000000a4200000, 0x0000000100000000)
  region size 1024K, 3 young (3072K), 1 survivors (1024K)
 Metaspace       used 49229K, committed 49920K, reserved 1114112K
  class space    used 5957K, committed 6272K, reserved 1048576K
}
Event: 14.984 GC heap after
{Heap after GC invocations=22 (full 0):
 garbage-first heap   total 61440K, used 32200K [0x00000000a4200000, 0x0000000100000000)
  region size 1024K, 1 young (1024K), 1 survivors (1024K)
 Metaspace       used 49229K, committed 49920K, reserved 1114112K
  class space    used 5957K, committed 6272K, reserved 1048576K
}
Event: 14.993 GC heap before
{Heap before GC invocations=22 (full 0):
 garbage-first heap   total 61440K, used 33224K [0x00000000a4200000, 0x0000000100000000)
  region size 1024K, 3 young (3072K), 1 survivors (1024K)
 Metaspace       used 49233K, committed 49920K, reserved 1114112K
  class space    used 5957K, committed 6272K, reserved 1048576K
}
Event: 14.996 GC heap after
{Heap after GC invocations=23 (full 0):
 garbage-first heap   total 61440K, used 32199K [0x00000000a4200000, 0x0000000100000000)
  region size 1024K, 1 young (1024K), 1 survivors (1024K)
 Metaspace       used 49233K, committed 49920K, reserved 1114112K
  class space    used 5957K, committed 6272K, reserved 1048576K
}
Event: 15.000 GC heap before
{Heap before GC invocations=23 (full 0):
 garbage-first heap   total 61440K, used 34247K [0x00000000a4200000, 0x0000000100000000)
  region size 1024K, 3 young (3072K), 1 survivors (1024K)
 Metaspace       used 49246K, committed 49920K, reserved 1114112K
  class space    used 5957K, committed 6272K, reserved 1048576K
}

